
ucore.elf:     file format elf32-littlearm


Disassembly of section .text:

00108000 <_start>:
  108000:	e3a0da01 	mov	sp, #4096	; 0x1000
  108004:	eaffffff 	b	108008 <init>

00108008 <init>:
  108008:	e92d4800 	push	{fp, lr}
  10800c:	e28db004 	add	fp, sp, #4
  108010:	e59f0014 	ldr	r0, [pc, #20]	; 10802c <init+0x24>
  108014:	eb000010 	bl	10805c <puts>
  108018:	e59f0010 	ldr	r0, [pc, #16]	; 108030 <init+0x28>
  10801c:	eb00000e 	bl	10805c <puts>
  108020:	e59f000c 	ldr	r0, [pc, #12]	; 108034 <init+0x2c>
  108024:	eb00000c 	bl	10805c <puts>
  108028:	eafffffe 	b	108028 <init+0x20>
  10802c:	001080dc 	ldrsbeq	r8, [r0], -ip
  108030:	001080f0 	ldrsheq	r8, [r0], -r0
  108034:	00108100 	andseq	r8, r0, r0, lsl #2

00108038 <putchar>:
  108038:	e92d4800 	push	{fp, lr}
  10803c:	e28db004 	add	fp, sp, #4
  108040:	e24dd008 	sub	sp, sp, #8
  108044:	e50b0008 	str	r0, [fp, #-8]
  108048:	e51b0008 	ldr	r0, [fp, #-8]
  10804c:	eb000016 	bl	1080ac <uart_putchar>
  108050:	e1a00003 	mov	r0, r3
  108054:	e24bd004 	sub	sp, fp, #4
  108058:	e8bd8800 	pop	{fp, pc}

0010805c <puts>:
  10805c:	e92d4800 	push	{fp, lr}
  108060:	e28db004 	add	fp, sp, #4
  108064:	e24dd008 	sub	sp, sp, #8
  108068:	e50b0008 	str	r0, [fp, #-8]
  10806c:	ea000006 	b	10808c <puts+0x30>
  108070:	e51b3008 	ldr	r3, [fp, #-8]
  108074:	e5d33000 	ldrb	r3, [r3]
  108078:	e51b2008 	ldr	r2, [fp, #-8]
  10807c:	e2822001 	add	r2, r2, #1
  108080:	e50b2008 	str	r2, [fp, #-8]
  108084:	e1a00003 	mov	r0, r3
  108088:	ebffffea 	bl	108038 <putchar>
  10808c:	e51b3008 	ldr	r3, [fp, #-8]
  108090:	e5d33000 	ldrb	r3, [r3]
  108094:	e3530000 	cmp	r3, #0
  108098:	1afffff4 	bne	108070 <puts+0x14>
  10809c:	e3a03000 	mov	r3, #0
  1080a0:	e1a00003 	mov	r0, r3
  1080a4:	e24bd004 	sub	sp, fp, #4
  1080a8:	e8bd8800 	pop	{fp, pc}

001080ac <uart_putchar>:
  1080ac:	e52db004 	push	{fp}		; (str fp, [sp, #-4]!)
  1080b0:	e28db000 	add	fp, sp, #0
  1080b4:	e24dd00c 	sub	sp, sp, #12
  1080b8:	e1a03000 	mov	r3, r0
  1080bc:	e54b3005 	strb	r3, [fp, #-5]
  1080c0:	e59f3010 	ldr	r3, [pc, #16]	; 1080d8 <uart_putchar+0x2c>
  1080c4:	e55b2005 	ldrb	r2, [fp, #-5]
  1080c8:	e5832000 	str	r2, [r3]
  1080cc:	e28bd000 	add	sp, fp, #0
  1080d0:	e8bd0800 	pop	{fp}
  1080d4:	e12fff1e 	bx	lr
  1080d8:	ff012000 	undefined instruction 0xff012000

Disassembly of section .rodata:

001080dc <.rodata>:
  1080dc:	63753c0a 	cmnvs	r5, #2560	; 0xa00
  1080e0:	3e65726f 	cdpcc	2, 6, cr7, cr5, cr15, {3}
  1080e4:	696e6920 	stmdbvs	lr!, {r5, r8, fp, sp, lr}^
  1080e8:	0a632e74 	beq	19d3ac0 <uart_putchar+0x18cba14>
  1080ec:	00000000 	andeq	r0, r0, r0
  1080f0:	6c65680a 	stclvs	8, cr6, [r5], #-40	; 0xffffffd8
  1080f4:	202c6f6c 	eorcs	r6, ip, ip, ror #30
  1080f8:	726f6375 	rsbvc	r6, pc, #-738197503	; 0xd4000001
  1080fc:	00000a65 	andeq	r0, r0, r5, ror #20
  108100:	7079740a 	rsbsvc	r7, r9, sl, lsl #8
  108104:	74432065 	strbvc	r2, [r3], #-101	; 0x65
  108108:	432b6c72 	teqmi	fp, #29184	; 0x7200
  10810c:	206f7420 	rsbcs	r7, pc, r0, lsr #8
  108110:	20646e65 	rsbcs	r6, r4, r5, ror #28
  108114:	73696874 	cmnvc	r9, #7602176	; 0x740000
  108118:	6d656420 	cfstrdvs	mvd6, [r5, #-128]!	; 0xffffff80
  10811c:	00000a6f 	andeq	r0, r0, pc, ror #20

Disassembly of section .ARM.attributes:

00000000 <.ARM.attributes>:
   0:	00003341 	andeq	r3, r0, r1, asr #6
   4:	61656100 	cmnvs	r5, r0, lsl #2
   8:	01006962 	tsteq	r0, r2, ror #18
   c:	00000029 	andeq	r0, r0, r9, lsr #32
  10:	4d524105 	ldfmie	f4, [r2, #-20]	; 0xffffffec
  14:	36373131 	undefined instruction 0x36373131
  18:	2d465a4a 	vstrcs	s11, [r6, #-296]	; 0xfffffed8
  1c:	09060053 	stmdbeq	r6, {r0, r1, r4, r6}
  20:	01090108 	tsteq	r9, r8, lsl #2
  24:	0412020a 	ldreq	r0, [r2], #-522	; 0x20a
  28:	01150114 	tsteq	r5, r4, lsl r1
  2c:	01180317 	tsteq	r8, r7, lsl r3
  30:	031b021a 	tsteq	fp, #-1610612735	; 0xa0000001

Disassembly of section .comment:

00000000 <.comment>:
   0:	3a434347 	bcc	10d0d24 <uart_putchar+0xfc8c78>
   4:	74632820 	strbtvc	r2, [r3], #-2080	; 0x820
   8:	312d676e 	teqcc	sp, lr, ror #14
   c:	312e382e 	teqcc	lr, lr, lsr #16
  10:	2941462d 	stmdbcs	r1, {r0, r2, r3, r5, r9, sl, lr}^
  14:	352e3420 	strcc	r3, [lr, #-1056]!	; 0x420
  18:	Address 0x00000018 is out of bounds.

